#
# There is insufficient memory for the Java Runtime Environment to continue.
# Native memory allocation (malloc) failed to allocate 217856 bytes. Error detail: Chunk::new
# Possible reasons:
#   The system is out of physical RAM or swap space
#   This process is running with CompressedOops enabled, and the Java Heap may be blocking the growth of the native heap
# Possible solutions:
#   Reduce memory load on the system
#   Increase physical memory or swap space
#   Check if swap backing store is full
#   Decrease Java heap size (-Xmx/-Xms)
#   Decrease number of Java threads
#   Decrease Java thread stack sizes (-Xss)
#   Set larger code cache with -XX:ReservedCodeCacheSize=
#   JVM is running with Unscaled Compressed Oops mode in which the Java heap is
#     placed in the first 4GB address space. The Java Heap base address is the
#     maximum limit for the native heap growth. Please use -XX:HeapBaseMinAddress
#     to set the Java Heap base and to place the Java Heap above 4GB virtual address.
# This output file may be truncated or incomplete.
#
#  Out of Memory Error (arena.cpp:168), pid=960, tid=7988
#
# JRE version: OpenJDK Runtime Environment Temurin-21.0.10+7 (21.0.10+7) (build 21.0.10+7-LTS)
# Java VM: OpenJDK 64-Bit Server VM Temurin-21.0.10+7 (21.0.10+7-LTS, mixed mode, sharing, tiered, compressed oops, compressed class ptrs, parallel gc, windows-amd64)
# No core dump will be written. Minidumps are not enabled by default on client versions of Windows
#

---------------  S U M M A R Y ------------

Command Line: --add-modules=ALL-SYSTEM --add-opens=java.base/java.util=ALL-UNNAMED --add-opens=java.base/java.lang=ALL-UNNAMED --add-opens=java.base/sun.nio.fs=ALL-UNNAMED -Declipse.application=org.eclipse.jdt.ls.core.id1 -Dosgi.bundles.defaultStartLevel=4 -Declipse.product=org.eclipse.jdt.ls.core.product -Djava.import.generatesMetadataFilesAtProjectRoot=false -DDetectVMInstallationsJob.disabled=true -Dfile.encoding=utf8 -XX:+UseParallelGC -XX:GCTimeRatio=4 -XX:AdaptiveSizePolicyWeight=90 -Dsun.zip.disableMemoryMapping=true -Xmx2G -Xms100m -Xlog:disable -javaagent:c:\Users\musac\.vscode\extensions\redhat.java-1.54.0-win32-x64\lombok\lombok-1.18.39-4050.jar -XX:+HeapDumpOnOutOfMemoryError -XX:HeapDumpPath=c:\Users\musac\AppData\Roaming\Code\User\workspaceStorage\a458b03a984d5e046ced88f50078d488\redhat.java -Daether.dependencyCollector.impl=bf c:\Users\musac\.vscode\extensions\redhat.java-1.54.0-win32-x64\server\plugins\org.eclipse.equinox.launcher_1.7.100.v20251111-0406.jar -configuration c:\Users\musac\AppData\Roaming\Code\User\globalStorage\redhat.java\1.54.0\config_win -data c:\Users\musac\AppData\Roaming\Code\User\workspaceStorage\a458b03a984d5e046ced88f50078d488\redhat.java\jdt_ws --pipe=\\.\pipe\lsp-ca5e3e2873dc8609a39a672953ca22ab-sock

Host: Intel(R) Core(TM) i5-5200U CPU @ 2.20GHz, 4 cores, 11G,  Windows 10 , 64 bit Build 19041 (10.0.19041.5915)
Time: Tue Jun 23 22:44:02 2026 SE Asia Standard Time elapsed time: 15.189265 seconds (0d 0h 0m 15s)

---------------  T H R E A D  ---------------

Current thread (0x0000025d96271830):  JavaThread "C2 CompilerThread0" daemon [_thread_in_native, id=7988, stack(0x000000b540c00000,0x000000b540d00000) (1024K)]


Current CompileTask:
C2:15189 3792       4       jdk.internal.org.objectweb.asm.SymbolTable::addConstantUtf8Reference (101 bytes)

Stack: [0x000000b540c00000,0x000000b540d00000]
Native frames: (J=compiled Java code, j=interpreted, Vv=VM code, C=native code)
V  [jvm.dll+0x6d7a39]
V  [jvm.dll+0x8b4b26]
V  [jvm.dll+0x8b70de]
V  [jvm.dll+0x8b77c3]
V  [jvm.dll+0x284346]
V  [jvm.dll+0xc66ed]
V  [jvm.dll+0xc6c31]
V  [jvm.dll+0x2fb29e]
V  [jvm.dll+0x5fe884]
V  [jvm.dll+0x255b17]
V  [jvm.dll+0x24dc0b]
V  [jvm.dll+0x24ba42]
V  [jvm.dll+0x1cb34e]
V  [jvm.dll+0x25b85d]
V  [jvm.dll+0x259dea]
V  [jvm.dll+0x3f857e]
V  [jvm.dll+0x85f59d]
V  [jvm.dll+0x6d626d]
C  [ucrtbase.dll+0x21bb2]
C  [KERNEL32.DLL+0x17374]
C  [ntdll.dll+0x4cc91]


---------------  P R O C E S S  ---------------

Threads class SMR info:
_java_thread_list=0x0000025ddd039a90, length=22, elements={
0x0000025dfb7058f0, 0x0000025d96267830, 0x0000025d96268de0, 0x0000025d9626c440,
0x0000025d9626d320, 0x0000025d9626df80, 0x0000025d962709f0, 0x0000025d96271830,
0x0000025d962e6810, 0x0000025dd8267b40, 0x0000025dd837d9a0, 0x0000025ddd080e50,
0x0000025dd88d5300, 0x0000025dd8cb6f80, 0x0000025dd8cb75f0, 0x0000025ddd3361d0,
0x0000025ddd606890, 0x0000025dd8354320, 0x0000025ddd43bd70, 0x0000025ddd43ca90,
0x0000025ddd43b6e0, 0x0000025ddd43d120
}

Java Threads: ( => current thread )
  0x0000025dfb7058f0 JavaThread "main"                              [_thread_blocked, id=12180, stack(0x000000b540200000,0x000000b540300000) (1024K)]
  0x0000025d96267830 JavaThread "Reference Handler"          daemon [_thread_blocked, id=4032, stack(0x000000b540600000,0x000000b540700000) (1024K)]
  0x0000025d96268de0 JavaThread "Finalizer"                  daemon [_thread_blocked, id=14228, stack(0x000000b540700000,0x000000b540800000) (1024K)]
  0x0000025d9626c440 JavaThread "Signal Dispatcher"          daemon [_thread_blocked, id=2304, stack(0x000000b540800000,0x000000b540900000) (1024K)]
  0x0000025d9626d320 JavaThread "Attach Listener"            daemon [_thread_blocked, id=8632, stack(0x000000b540900000,0x000000b540a00000) (1024K)]
  0x0000025d9626df80 JavaThread "Service Thread"             daemon [_thread_blocked, id=11828, stack(0x000000b540a00000,0x000000b540b00000) (1024K)]
  0x0000025d962709f0 JavaThread "Monitor Deflation Thread"   daemon [_thread_blocked, id=11748, stack(0x000000b540b00000,0x000000b540c00000) (1024K)]
=>0x0000025d96271830 JavaThread "C2 CompilerThread0"         daemon [_thread_in_native, id=7988, stack(0x000000b540c00000,0x000000b540d00000) (1024K)]
  0x0000025d962e6810 JavaThread "C1 CompilerThread0"         daemon [_thread_blocked, id=2284, stack(0x000000b540d00000,0x000000b540e00000) (1024K)]
  0x0000025dd8267b40 JavaThread "Common-Cleaner"             daemon [_thread_blocked, id=14564, stack(0x000000b540e00000,0x000000b540f00000) (1024K)]
  0x0000025dd837d9a0 JavaThread "Notification Thread"        daemon [_thread_blocked, id=2828, stack(0x000000b540f00000,0x000000b541000000) (1024K)]
  0x0000025ddd080e50 JavaThread "Active Thread: Equinox Container: 3a1a7796-dcab-43e4-ac0e-60d896d75fe0"        [_thread_blocked, id=13292, stack(0x000000b541000000,0x000000b541100000) (1024K)]
  0x0000025dd88d5300 JavaThread "Refresh Thread: Equinox Container: 3a1a7796-dcab-43e4-ac0e-60d896d75fe0" daemon [_thread_blocked, id=6936, stack(0x000000b541400000,0x000000b541500000) (1024K)]
  0x0000025dd8cb6f80 JavaThread "Framework Event Dispatcher: Equinox Container: 3a1a7796-dcab-43e4-ac0e-60d896d75fe0" daemon [_thread_blocked, id=3904, stack(0x000000b541500000,0x000000b541600000) (1024K)]
  0x0000025dd8cb75f0 JavaThread "Start Level: Equinox Container: 3a1a7796-dcab-43e4-ac0e-60d896d75fe0" daemon [_thread_in_Java, id=13884, stack(0x000000b541600000,0x000000b541700000) (1024K)]
  0x0000025ddd3361d0 JavaThread "Bundle File Closer"         daemon [_thread_blocked, id=11168, stack(0x000000b541800000,0x000000b541900000) (1024K)]
  0x0000025ddd606890 JavaThread "SCR Component Actor"        daemon [_thread_blocked, id=6724, stack(0x000000b541700000,0x000000b541800000) (1024K)]
  0x0000025dd8354320 JavaThread "Worker-JM"                         [_thread_blocked, id=11124, stack(0x000000b541a00000,0x000000b541b00000) (1024K)]
  0x0000025ddd43bd70 JavaThread "JNA Cleaner"                daemon [_thread_blocked, id=14580, stack(0x000000b541900000,0x000000b541a00000) (1024K)]
  0x0000025ddd43ca90 JavaThread "Worker-0: Checking project encoding"        [_thread_blocked, id=14180, stack(0x000000b541b00000,0x000000b541c00000) (1024K)]
  0x0000025ddd43b6e0 JavaThread "Worker-1: Refreshing workspace"        [_thread_blocked, id=10144, stack(0x000000b541c00000,0x000000b541d00000) (1024K)]
  0x0000025ddd43d120 JavaThread "Worker-2"                          [_thread_blocked, id=8600, stack(0x000000b541d00000,0x000000b541e00000) (1024K)]
Total: 22

Other Threads:
  0x0000025d9624cec0 VMThread "VM Thread"                           [id=13728, stack(0x000000b540500000,0x000000b540600000) (1024K)]
  0x0000025d961c1c40 WatcherThread "VM Periodic Task Thread"        [id=8848, stack(0x000000b540400000,0x000000b540500000) (1024K)]
  0x0000025dfd95c7f0 WorkerThread "GC Thread#0"                     [id=1344, stack(0x000000b540300000,0x000000b540400000) (1024K)]
  0x0000025dd8607e50 WorkerThread "GC Thread#1"                     [id=9700, stack(0x000000b541100000,0x000000b541200000) (1024K)]
  0x0000025dd8604500 WorkerThread "GC Thread#2"                     [id=9180, stack(0x000000b541200000,0x000000b541300000) (1024K)]
  0x0000025dd86048b0 WorkerThread "GC Thread#3"                     [id=3384, stack(0x000000b541300000,0x000000b541400000) (1024K)]
Total: 6

Threads with active compile tasks:
C2 CompilerThread0  15231 3792       4       jdk.internal.org.objectweb.asm.SymbolTable::addConstantUtf8Reference (101 bytes)
Total: 1

VM state: not at safepoint (normal execution)

VM Mutex/Monitor currently owned by a thread: None

Heap address: 0x0000000080000000, size: 2048 MB, Compressed Oops mode: 32-bit

CDS archive(s) mapped at: [0x0000025d97000000-0x0000025d97ba0000-0x0000025d97ba0000), size 12189696, SharedBaseAddress: 0x0000025d97000000, ArchiveRelocationMode: 1.
Compressed class space mapped at: 0x0000025d98000000-0x0000025dd8000000, reserved size: 1073741824
Narrow klass base: 0x0000025d97000000, Narrow klass shift: 0, Narrow klass range: 0x100000000

GC Precious Log:
 CardTable entry size: 512
 CPUs: 4 total, 4 available
 Memory: 12187M
 Large Page Support: Disabled
 NUMA Support: Disabled
 Compressed Oops: Enabled (32-bit)
 Alignments: Space 512K, Generation 512K, Heap 2M
 Heap Min Capacity: 100M
 Heap Initial Capacity: 100M
 Heap Max Capacity: 2G
 Pre-touch: Disabled
 Parallel Workers: 4

Heap:
 PSYoungGen      total 30208K, used 25490K [0x00000000d5580000, 0x00000000d7900000, 0x0000000100000000)
  eden space 24576K, 81% used [0x00000000d5580000,0x00000000d6914510,0x00000000d6d80000)
  from space 5632K, 96% used [0x00000000d7380000,0x00000000d78d0650,0x00000000d7900000)
  to   space 5632K, 0% used [0x00000000d6e00000,0x00000000d6e00000,0x00000000d7380000)
 ParOldGen       total 68608K, used 7927K [0x0000000080000000, 0x0000000084300000, 0x00000000d5580000)
  object space 68608K, 11% used [0x0000000080000000,0x00000000807bdc20,0x0000000084300000)
 Metaspace       used 20593K, committed 21440K, reserved 1114112K
  class space    used 2199K, committed 2560K, reserved 1048576K

Card table byte_map: [0x0000025dfd320000,0x0000025dfd730000] _byte_map_base: 0x0000025dfcf20000

Marking Bits: (ParMarkBitMap*) 0x00007ffb2a143450
 Begin Bits: [0x0000025d92140000, 0x0000025d94140000)
 End Bits:   [0x0000025d94140000, 0x0000025d96140000)

Polling page: 0x0000025dfd110000

Metaspace:

Usage:
  Non-class:     17.96 MB used.
      Class:      2.15 MB used.
       Both:     20.11 MB used.

Virtual space:
  Non-class space:       64.00 MB reserved,      18.44 MB ( 29%) committed,  1 nodes.
      Class space:        1.00 GB reserved,       2.50 MB ( <1%) committed,  1 nodes.
             Both:        1.06 GB reserved,      20.94 MB (  2%) committed. 

Chunk freelists:
   Non-Class:  13.50 MB
       Class:  13.40 MB
        Both:  26.90 MB

MaxMetaspaceSize: unlimited
CompressedClassSpaceSize: 1.00 GB
Initial GC threshold: 21.00 MB
Current GC threshold: 21.00 MB
CDS: on
 - commit_granule_bytes: 65536.
 - commit_granule_words: 8192.
 - virtual_space_node_default_size: 8388608.
 - enlarge_chunks_in_place: 1.
 - use_allocation_guard: 0.


Internal statistics:

num_allocs_failed_limit: 0.
num_arena_births: 694.
num_arena_deaths: 0.
num_vsnodes_births: 2.
num_vsnodes_deaths: 0.
num_space_committed: 335.
num_space_uncommitted: 0.
num_chunks_returned_to_freelist: 0.
num_chunks_taken_from_freelist: 1514.
num_chunk_merges: 0.
num_chunk_splits: 954.
num_chunks_enlarged: 576.
num_inconsistent_stats: 0.

CodeHeap 'non-profiled nmethods': size=120000Kb used=1748Kb max_used=1748Kb free=118251Kb
 bounds [0x0000025d8ac10000, 0x0000025d8ae80000, 0x0000025d92140000]
CodeHeap 'profiled nmethods': size=120000Kb used=7887Kb max_used=7887Kb free=112113Kb
 bounds [0x0000025d83140000, 0x0000025d83900000, 0x0000025d8a670000]
CodeHeap 'non-nmethods': size=5760Kb used=1288Kb max_used=1322Kb free=4471Kb
 bounds [0x0000025d8a670000, 0x0000025d8a8e0000, 0x0000025d8ac10000]
CodeCache: size=245760Kb, used=10923Kb, max_used=10957Kb, free=234835Kb
 total_blobs=4405, nmethods=3832, adapters=479, full_count=0
Compilation: enabled, stopped_count=0, restarted_count=0

Compilation events (20 events):
Event: 15.131 Thread 0x0000025d962e6810 3772       3       java.lang.invoke.LambdaFormBuffer::insertExpression (30 bytes)
Event: 15.131 Thread 0x0000025d962e6810 nmethod 3772 0x0000025d838dc510 code [0x0000025d838dc6c0, 0x0000025d838dc818]
Event: 15.132 Thread 0x0000025d96271830 nmethod 3770 0x0000025d8adbf510 code [0x0000025d8adbf6a0, 0x0000025d8adbf828]
Event: 15.132 Thread 0x0000025d962e6810 3773       3       java.lang.invoke.BoundMethodHandle::speciesDataFor (32 bytes)
Event: 15.133 Thread 0x0000025d962e6810 nmethod 3773 0x0000025d838dc910 code [0x0000025d838dcae0, 0x0000025d838dce60]
Event: 15.133 Thread 0x0000025d962e6810 3776       3       java.lang.invoke.MethodHandles$Lookup::restrictProtectedReceiver (51 bytes)
Event: 15.133 Thread 0x0000025d962e6810 nmethod 3776 0x0000025d838dcf90 code [0x0000025d838dd180, 0x0000025d838dd658]
Event: 15.166 Thread 0x0000025d962e6810 3779       3       java.lang.Module::allows (60 bytes)
Event: 15.167 Thread 0x0000025d962e6810 nmethod 3779 0x0000025d838dd810 code [0x0000025d838dda20, 0x0000025d838de020]
Event: 15.167 Thread 0x0000025d962e6810 3780       3       java.lang.invoke.MethodHandles$Lookup::maybeBindCaller (72 bytes)
Event: 15.168 Thread 0x0000025d962e6810 nmethod 3780 0x0000025d838de190 code [0x0000025d838de3c0, 0x0000025d838deb18]
Event: 15.173 Thread 0x0000025d96271830 3787       4       java.lang.invoke.MethodType::equals (25 bytes)
Event: 15.177 Thread 0x0000025d96271830 nmethod 3787 0x0000025d8adc2490 code [0x0000025d8adc2640, 0x0000025d8adc2800]
Event: 15.178 Thread 0x0000025d96271830 3792       4       jdk.internal.org.objectweb.asm.SymbolTable::addConstantUtf8Reference (101 bytes)
Event: 15.185 Thread 0x0000025d962e6810 3794       3       jdk.internal.reflect.AccessorGenerator::sub (5 bytes)
Event: 15.185 Thread 0x0000025d962e6810 nmethod 3794 0x0000025d838dee10 code [0x0000025d838defa0, 0x0000025d838df098]
Event: 15.185 Thread 0x0000025d962e6810 3795       3       jdk.internal.reflect.ClassFileAssembler::setStack (25 bytes)
Event: 15.185 Thread 0x0000025d962e6810 nmethod 3795 0x0000025d838df110 code [0x0000025d838df2a0, 0x0000025d838df3e8]
Event: 15.185 Thread 0x0000025d962e6810 3796       3       java.lang.Throwable::<init> (34 bytes)
Event: 15.186 Thread 0x0000025d962e6810 nmethod 3796 0x0000025d838df490 code [0x0000025d838df640, 0x0000025d838df8e8]

GC Heap History (12 events):
Event: 3.833 GC heap before
{Heap before GC invocations=1 (full 0):
 PSYoungGen      total 29696K, used 25600K [0x00000000d5580000, 0x00000000d7680000, 0x0000000100000000)
  eden space 25600K, 100% used [0x00000000d5580000,0x00000000d6e80000,0x00000000d6e80000)
  from space 4096K, 0% used [0x00000000d7280000,0x00000000d7280000,0x00000000d7680000)
  to   space 4096K, 0% used [0x00000000d6e80000,0x00000000d6e80000,0x00000000d7280000)
 ParOldGen       total 68608K, used 0K [0x0000000080000000, 0x0000000084300000, 0x00000000d5580000)
  object space 68608K, 0% used [0x0000000080000000,0x0000000080000000,0x0000000084300000)
 Metaspace       used 4380K, committed 4608K, reserved 1114112K
  class space    used 474K, committed 576K, reserved 1048576K
}
Event: 3.864 GC heap after
{Heap after GC invocations=1 (full 0):
 PSYoungGen      total 29696K, used 3271K [0x00000000d5580000, 0x00000000d7680000, 0x0000000100000000)
  eden space 25600K, 0% used [0x00000000d5580000,0x00000000d5580000,0x00000000d6e80000)
  from space 4096K, 79% used [0x00000000d6e80000,0x00000000d71b1e98,0x00000000d7280000)
  to   space 4096K, 0% used [0x00000000d7280000,0x00000000d7280000,0x00000000d7680000)
 ParOldGen       total 68608K, used 0K [0x0000000080000000, 0x0000000084300000, 0x00000000d5580000)
  object space 68608K, 0% used [0x0000000080000000,0x0000000080000000,0x0000000084300000)
 Metaspace       used 4380K, committed 4608K, reserved 1114112K
  class space    used 474K, committed 576K, reserved 1048576K
}
Event: 5.932 GC heap before
{Heap before GC invocations=2 (full 0):
 PSYoungGen      total 29696K, used 28871K [0x00000000d5580000, 0x00000000d7680000, 0x0000000100000000)
  eden space 25600K, 100% used [0x00000000d5580000,0x00000000d6e80000,0x00000000d6e80000)
  from space 4096K, 79% used [0x00000000d6e80000,0x00000000d71b1e98,0x00000000d7280000)
  to   space 4096K, 0% used [0x00000000d7280000,0x00000000d7280000,0x00000000d7680000)
 ParOldGen       total 68608K, used 0K [0x0000000080000000, 0x0000000084300000, 0x00000000d5580000)
  object space 68608K, 0% used [0x0000000080000000,0x0000000080000000,0x0000000084300000)
 Metaspace       used 7986K, committed 8256K, reserved 1114112K
  class space    used 830K, committed 960K, reserved 1048576K
}
Event: 5.942 GC heap after
{Heap after GC invocations=2 (full 0):
 PSYoungGen      total 29696K, used 4086K [0x00000000d5580000, 0x00000000d7680000, 0x0000000100000000)
  eden space 25600K, 0% used [0x00000000d5580000,0x00000000d5580000,0x00000000d6e80000)
  from space 4096K, 99% used [0x00000000d7280000,0x00000000d767d810,0x00000000d7680000)
  to   space 4096K, 0% used [0x00000000d6e80000,0x00000000d6e80000,0x00000000d7280000)
 ParOldGen       total 68608K, used 2031K [0x0000000080000000, 0x0000000084300000, 0x00000000d5580000)
  object space 68608K, 2% used [0x0000000080000000,0x00000000801fbe58,0x0000000084300000)
 Metaspace       used 7986K, committed 8256K, reserved 1114112K
  class space    used 830K, committed 960K, reserved 1048576K
}
Event: 7.083 GC heap before
{Heap before GC invocations=3 (full 0):
 PSYoungGen      total 29696K, used 29612K [0x00000000d5580000, 0x00000000d7680000, 0x0000000100000000)
  eden space 25600K, 99% used [0x00000000d5580000,0x00000000d6e6dbd0,0x00000000d6e80000)
  from space 4096K, 99% used [0x00000000d7280000,0x00000000d767d810,0x00000000d7680000)
  to   space 4096K, 0% used [0x00000000d6e80000,0x00000000d6e80000,0x00000000d7280000)
 ParOldGen       total 68608K, used 2031K [0x0000000080000000, 0x0000000084300000, 0x00000000d5580000)
  object space 68608K, 2% used [0x0000000080000000,0x00000000801fbe58,0x0000000084300000)
 Metaspace       used 9461K, committed 9728K, reserved 1114112K
  class space    used 1008K, committed 1152K, reserved 1048576K
}
Event: 7.097 GC heap after
{Heap after GC invocations=3 (full 0):
 PSYoungGen      total 29696K, used 4085K [0x00000000d5580000, 0x00000000d7680000, 0x0000000100000000)
  eden space 25600K, 0% used [0x00000000d5580000,0x00000000d5580000,0x00000000d6e80000)
  from space 4096K, 99% used [0x00000000d6e80000,0x00000000d727d7b8,0x00000000d7280000)
  to   space 4096K, 0% used [0x00000000d7280000,0x00000000d7280000,0x00000000d7680000)
 ParOldGen       total 68608K, used 4828K [0x0000000080000000, 0x0000000084300000, 0x00000000d5580000)
  object space 68608K, 7% used [0x0000000080000000,0x00000000804b7138,0x0000000084300000)
 Metaspace       used 9461K, committed 9728K, reserved 1114112K
  class space    used 1008K, committed 1152K, reserved 1048576K
}
Event: 9.962 GC heap before
{Heap before GC invocations=4 (full 0):
 PSYoungGen      total 29696K, used 29685K [0x00000000d5580000, 0x00000000d7680000, 0x0000000100000000)
  eden space 25600K, 99% used [0x00000000d5580000,0x00000000d6e7fec8,0x00000000d6e80000)
  from space 4096K, 99% used [0x00000000d6e80000,0x00000000d727d7b8,0x00000000d7280000)
  to   space 4096K, 0% used [0x00000000d7280000,0x00000000d7280000,0x00000000d7680000)
 ParOldGen       total 68608K, used 4828K [0x0000000080000000, 0x0000000084300000, 0x00000000d5580000)
  object space 68608K, 7% used [0x0000000080000000,0x00000000804b7138,0x0000000084300000)
 Metaspace       used 11596K, committed 11968K, reserved 1114112K
  class space    used 1223K, committed 1408K, reserved 1048576K
}
Event: 9.973 GC heap after
{Heap after GC invocations=4 (full 0):
 PSYoungGen      total 29696K, used 4068K [0x00000000d5580000, 0x00000000d7680000, 0x0000000100000000)
  eden space 25600K, 0% used [0x00000000d5580000,0x00000000d5580000,0x00000000d6e80000)
  from space 4096K, 99% used [0x00000000d7280000,0x00000000d7679200,0x00000000d7680000)
  to   space 4096K, 0% used [0x00000000d6e80000,0x00000000d6e80000,0x00000000d7280000)
 ParOldGen       total 68608K, used 6812K [0x0000000080000000, 0x0000000084300000, 0x00000000d5580000)
  object space 68608K, 9% used [0x0000000080000000,0x00000000806a7138,0x0000000084300000)
 Metaspace       used 11596K, committed 11968K, reserved 1114112K
  class space    used 1223K, committed 1408K, reserved 1048576K
}
Event: 11.971 GC heap before
{Heap before GC invocations=5 (full 0):
 PSYoungGen      total 29696K, used 29668K [0x00000000d5580000, 0x00000000d7680000, 0x0000000100000000)
  eden space 25600K, 100% used [0x00000000d5580000,0x00000000d6e80000,0x00000000d6e80000)
  from space 4096K, 99% used [0x00000000d7280000,0x00000000d7679200,0x00000000d7680000)
  to   space 4096K, 0% used [0x00000000d6e80000,0x00000000d6e80000,0x00000000d7280000)
 ParOldGen       total 68608K, used 6812K [0x0000000080000000, 0x0000000084300000, 0x00000000d5580000)
  object space 68608K, 9% used [0x0000000080000000,0x00000000806a7138,0x0000000084300000)
 Metaspace       used 15557K, committed 16064K, reserved 1114112K
  class space    used 1613K, committed 1856K, reserved 1048576K
}
Event: 11.982 GC heap after
{Heap after GC invocations=5 (full 0):
 PSYoungGen      total 29184K, used 4073K [0x00000000d5580000, 0x00000000d7900000, 0x0000000100000000)
  eden space 25088K, 0% used [0x00000000d5580000,0x00000000d5580000,0x00000000d6e00000)
  from space 4096K, 99% used [0x00000000d6e80000,0x00000000d727a478,0x00000000d7280000)
  to   space 5632K, 0% used [0x00000000d7380000,0x00000000d7380000,0x00000000d7900000)
 ParOldGen       total 68608K, used 7919K [0x0000000080000000, 0x0000000084300000, 0x00000000d5580000)
  object space 68608K, 11% used [0x0000000080000000,0x00000000807bbc20,0x0000000084300000)
 Metaspace       used 15557K, committed 16064K, reserved 1114112K
  class space    used 1613K, committed 1856K, reserved 1048576K
}
Event: 14.140 GC heap before
{Heap before GC invocations=6 (full 0):
 PSYoungGen      total 29184K, used 29161K [0x00000000d5580000, 0x00000000d7900000, 0x0000000100000000)
  eden space 25088K, 100% used [0x00000000d5580000,0x00000000d6e00000,0x00000000d6e00000)
  from space 4096K, 99% used [0x00000000d6e80000,0x00000000d727a478,0x00000000d7280000)
  to   space 5632K, 0% used [0x00000000d7380000,0x00000000d7380000,0x00000000d7900000)
 ParOldGen       total 68608K, used 7919K [0x0000000080000000, 0x0000000084300000, 0x00000000d5580000)
  object space 68608K, 11% used [0x0000000080000000,0x00000000807bbc20,0x0000000084300000)
 Metaspace       used 18610K, committed 19328K, reserved 1114112K
  class space    used 1951K, committed 2240K, reserved 1048576K
}
Event: 14.151 GC heap after
{Heap after GC invocations=6 (full 0):
 PSYoungGen      total 30208K, used 5441K [0x00000000d5580000, 0x00000000d7900000, 0x0000000100000000)
  eden space 24576K, 0% used [0x00000000d5580000,0x00000000d5580000,0x00000000d6d80000)
  from space 5632K, 96% used [0x00000000d7380000,0x00000000d78d0650,0x00000000d7900000)
  to   space 5632K, 0% used [0x00000000d6e00000,0x00000000d6e00000,0x00000000d7380000)
 ParOldGen       total 68608K, used 7927K [0x0000000080000000, 0x0000000084300000, 0x00000000d5580000)
  object space 68608K, 11% used [0x0000000080000000,0x00000000807bdc20,0x0000000084300000)
 Metaspace       used 18610K, committed 19328K, reserved 1114112K
  class space    used 1951K, committed 2240K, reserved 1048576K
}

Dll operation events (10 events):
Event: 0.105 Loaded shared library c:\Users\musac\.vscode\extensions\redhat.java-1.54.0-win32-x64\jre\21.0.10-win32-x86_64\bin\java.dll
Event: 0.731 Loaded shared library c:\Users\musac\.vscode\extensions\redhat.java-1.54.0-win32-x64\jre\21.0.10-win32-x86_64\bin\zip.dll
Event: 0.828 Loaded shared library C:\Users\musac\.vscode\extensions\redhat.java-1.54.0-win32-x64\jre\21.0.10-win32-x86_64\bin\instrument.dll
Event: 0.849 Loaded shared library C:\Users\musac\.vscode\extensions\redhat.java-1.54.0-win32-x64\jre\21.0.10-win32-x86_64\bin\net.dll
Event: 0.856 Loaded shared library C:\Users\musac\.vscode\extensions\redhat.java-1.54.0-win32-x64\jre\21.0.10-win32-x86_64\bin\nio.dll
Event: 0.876 Loaded shared library C:\Users\musac\.vscode\extensions\redhat.java-1.54.0-win32-x64\jre\21.0.10-win32-x86_64\bin\zip.dll
Event: 0.965 Loaded shared library C:\Users\musac\.vscode\extensions\redhat.java-1.54.0-win32-x64\jre\21.0.10-win32-x86_64\bin\jimage.dll
Event: 1.368 Loaded shared library c:\Users\musac\.vscode\extensions\redhat.java-1.54.0-win32-x64\jre\21.0.10-win32-x86_64\bin\verify.dll
Event: 6.021 Loaded shared library C:\Users\musac\AppData\Roaming\Code\User\globalStorage\redhat.java\1.54.0\config_win\org.eclipse.equinox.launcher\org.eclipse.equinox.launcher.win32.win32.x86_64_1.3.0.v20260203-2149\eclipse_11919.dll
Event: 13.123 Loaded shared library C:\Users\musac\AppData\Local\Temp\jna-104262957\jna10938249324758400351.dll

Deoptimization events (20 events):
Event: 14.672 Thread 0x0000025dd8cb75f0 Uncommon trap: trap_request=0xffffff45 fr.pc=0x0000025d8ac371f8 relative=0x0000000000000418
Event: 14.672 Thread 0x0000025dd8cb75f0 Uncommon trap: reason=unstable_if action=reinterpret pc=0x0000025d8ac371f8 method=java.lang.AbstractStringBuilder.isLatin1()Z @ 10 c2
Event: 14.672 Thread 0x0000025dd8cb75f0 DEOPT PACKING pc=0x0000025d8ac371f8 sp=0x000000b5416f3040
Event: 14.672 Thread 0x0000025dd8cb75f0 DEOPT UNPACKING pc=0x0000025d8a6c3aa2 sp=0x000000b5416f2fd0 mode 2
Event: 14.672 Thread 0x0000025dd8cb75f0 Uncommon trap: trap_request=0xffffff45 fr.pc=0x0000025d8ac94c8c relative=0x000000000000006c
Event: 14.672 Thread 0x0000025dd8cb75f0 Uncommon trap: reason=unstable_if action=reinterpret pc=0x0000025d8ac94c8c method=java.lang.AbstractStringBuilder.isLatin1()Z @ 10 c2
Event: 14.672 Thread 0x0000025dd8cb75f0 DEOPT PACKING pc=0x0000025d8ac94c8c sp=0x000000b5416f3040
Event: 14.672 Thread 0x0000025dd8cb75f0 DEOPT UNPACKING pc=0x0000025d8a6c3aa2 sp=0x000000b5416f2fd0 mode 2
Event: 14.673 Thread 0x0000025dd8cb75f0 Uncommon trap: trap_request=0xffffff45 fr.pc=0x0000025d8ad646e8 relative=0x0000000000000048
Event: 14.673 Thread 0x0000025dd8cb75f0 Uncommon trap: reason=unstable_if action=reinterpret pc=0x0000025d8ad646e8 method=java.lang.StringLatin1.canEncode(C)Z @ 4 c2
Event: 14.673 Thread 0x0000025dd8cb75f0 DEOPT PACKING pc=0x0000025d8ad646e8 sp=0x000000b5416f2fd0
Event: 14.673 Thread 0x0000025dd8cb75f0 DEOPT UNPACKING pc=0x0000025d8a6c3aa2 sp=0x000000b5416f2f58 mode 2
Event: 15.115 Thread 0x0000025dd8cb75f0 Uncommon trap: trap_request=0xffffff45 fr.pc=0x0000025d8adb1414 relative=0x0000000000000074
Event: 15.115 Thread 0x0000025dd8cb75f0 Uncommon trap: reason=unstable_if action=reinterpret pc=0x0000025d8adb1414 method=java.lang.invoke.LambdaForm$BasicType.basicType(C)Ljava/lang/invoke/LambdaForm$BasicType; @ 1 c2
Event: 15.115 Thread 0x0000025dd8cb75f0 DEOPT PACKING pc=0x0000025d8adb1414 sp=0x000000b5416f2510
Event: 15.115 Thread 0x0000025dd8cb75f0 DEOPT UNPACKING pc=0x0000025d8a6c3aa2 sp=0x000000b5416f24a8 mode 2
Event: 15.115 Thread 0x0000025dd8cb75f0 Uncommon trap: trap_request=0xffffff45 fr.pc=0x0000025d8ad70cd8 relative=0x0000000000000b18
Event: 15.115 Thread 0x0000025dd8cb75f0 Uncommon trap: reason=unstable_if action=reinterpret pc=0x0000025d8ad70cd8 method=jdk.internal.org.objectweb.asm.Frame.execute(IILjdk/internal/org/objectweb/asm/Symbol;Ljdk/internal/org/objectweb/asm/SymbolTable;)V @ 1 c2
Event: 15.115 Thread 0x0000025dd8cb75f0 DEOPT PACKING pc=0x0000025d8ad70cd8 sp=0x000000b5416f2280
Event: 15.115 Thread 0x0000025dd8cb75f0 DEOPT UNPACKING pc=0x0000025d8a6c3aa2 sp=0x000000b5416f2208 mode 2

Classes loaded (20 events):
Event: 15.116 Loading class java/io/ObjectStreamClass$DeserializationConstructorsCache$Key$Lookup
Event: 15.116 Loading class java/io/ObjectStreamClass$DeserializationConstructorsCache$Key
Event: 15.117 Loading class java/io/ObjectStreamClass$DeserializationConstructorsCache$Key done
Event: 15.117 Loading class java/io/ObjectStreamClass$DeserializationConstructorsCache$Key$Lookup done
Event: 15.122 Loading class java/lang/invoke/BoundMethodHandle$Species_LIL
Event: 15.122 Loading class java/lang/invoke/BoundMethodHandle$Species_LIL done
Event: 15.125 Loading class java/io/ObjectStreamClass$DeserializationConstructorsCache$Key$Impl
Event: 15.125 Loading class java/io/ObjectStreamClass$DeserializationConstructorsCache$Key$Impl done
Event: 15.126 Loading class java/lang/runtime/ObjectMethods
Event: 15.126 Loading class java/lang/runtime/ObjectMethods done
Event: 15.128 Loading class java/lang/invoke/MethodHandleImpl$Makers
Event: 15.129 Loading class java/lang/invoke/MethodHandleImpl$Makers done
Event: 15.129 Loading class java/lang/invoke/MethodHandleImpl$Makers$1
Event: 15.129 Loading class java/lang/invoke/MethodHandleImpl$Makers$1 done
Event: 15.129 Loading class java/lang/invoke/MethodHandleImpl$Makers$2
Event: 15.129 Loading class java/lang/invoke/MethodHandleImpl$Makers$2 done
Event: 15.129 Loading class java/lang/invoke/MethodHandleImpl$Makers$3
Event: 15.129 Loading class java/lang/invoke/MethodHandleImpl$Makers$3 done
Event: 15.133 Loading class java/lang/runtime/ObjectMethods$1
Event: 15.133 Loading class java/lang/runtime/ObjectMethods$1 done

Classes unloaded (0 events):
No events

Classes redefined (0 events):
No events

Internal exceptions (20 events):
Event: 13.444 Thread 0x0000025dd8cb75f0 Exception <a 'java/lang/NoSuchMethodError'{0x00000000d61b9890}: 'java.lang.Object java.lang.invoke.DirectMethodHandle$Holder.invokeSpecial(java.lang.Object, java.lang.Object, java.lang.Object, int, java.lang.Object, java.lang.Object)'> (0x00000000d61b9890) 
thrown [s\src\hotspot\share\interpreter\linkResolver.cpp, line 773]
Event: 13.445 Thread 0x0000025dd8cb75f0 Exception <a 'java/lang/NoSuchMethodError'{0x00000000d61c1320}: 'java.lang.Object java.lang.invoke.DirectMethodHandle$Holder.newInvokeSpecial(java.lang.Object, java.lang.Object, java.lang.Object, int, java.lang.Object)'> (0x00000000d61c1320) 
thrown [s\src\hotspot\share\interpreter\linkResolver.cpp, line 773]
Event: 13.445 Thread 0x0000025dd8cb75f0 Exception <a 'java/lang/NoSuchMethodError'{0x00000000d61c52a0}: 'java.lang.Object java.lang.invoke.DirectMethodHandle$Holder.invokeSpecial(java.lang.Object, java.lang.Object, java.lang.Object, java.lang.Object, int, java.lang.Object)'> (0x00000000d61c52a0) 
thrown [s\src\hotspot\share\interpreter\linkResolver.cpp, line 773]
Event: 13.446 Thread 0x0000025dd8cb75f0 Exception <a 'java/lang/NoSuchMethodError'{0x00000000d61c8de0}: 'java.lang.Object java.lang.invoke.Invokers$Holder.linkToTargetMethod(java.lang.Object, java.lang.Object, int, java.lang.Object, java.lang.Object)'> (0x00000000d61c8de0) 
thrown [s\src\hotspot\share\interpreter\linkResolver.cpp, line 773]
Event: 13.448 Thread 0x0000025ddd43ca90 Exception <a 'java/lang/NoSuchMethodError'{0x00000000d613dc58}: 'java.lang.Object java.lang.invoke.DirectMethodHandle$Holder.invokeSpecial(java.lang.Object, java.lang.Object, int, java.lang.Object, java.lang.Object)'> (0x00000000d613dc58) 
thrown [s\src\hotspot\share\interpreter\linkResolver.cpp, line 773]
Event: 13.492 Thread 0x0000025dd8cb75f0 Exception <a 'java/lang/NoSuchMethodError'{0x00000000d62c5e38}: 'void java.lang.invoke.DirectMethodHandle$Holder.invokeSpecial(java.lang.Object, java.lang.Object, java.lang.Object, java.lang.Object, java.lang.Object)'> (0x00000000d62c5e38) 
thrown [s\src\hotspot\share\interpreter\linkResolver.cpp, line 773]
Event: 13.966 Thread 0x0000025dd8cb75f0 Exception <a 'java/lang/NoSuchMethodError'{0x00000000d6aa0478}: 'java.lang.Object java.lang.invoke.DirectMethodHandle$Holder.invokeInterface(java.lang.Object, java.lang.Object, java.lang.Object)'> (0x00000000d6aa0478) 
thrown [s\src\hotspot\share\interpreter\linkResolver.cpp, line 773]
Event: 14.204 Thread 0x0000025dd8cb75f0 Exception <a 'java/lang/NoSuchMethodError'{0x00000000d56ea030}: 'java.lang.Object java.lang.invoke.Invokers$Holder.linkToTargetMethod(java.lang.Object, long, java.lang.Object, java.lang.Object)'> (0x00000000d56ea030) 
thrown [s\src\hotspot\share\interpreter\linkResolver.cpp, line 773]
Event: 15.031 Thread 0x0000025dd8cb75f0 Exception <a 'java/lang/NoSuchMethodError'{0x00000000d6655628}: 'long java.lang.invoke.Invokers$Holder.invokeExact_MT(java.lang.Object, java.lang.Object)'> (0x00000000d6655628) 
thrown [s\src\hotspot\share\interpreter\linkResolver.cpp, line 773]
Event: 15.114 Thread 0x0000025dd8cb75f0 Exception <a 'java/lang/NoSuchMethodError'{0x00000000d678f8f0}: 'long java.lang.invoke.DirectMethodHandle$Holder.invokeStatic(java.lang.Object, java.lang.Object, int)'> (0x00000000d678f8f0) 
thrown [s\src\hotspot\share\interpreter\linkResolver.cpp, line 773]
Event: 15.123 Thread 0x0000025dd8cb75f0 Exception <a 'java/lang/NoSuchMethodError'{0x00000000d67d8628}: 'java.lang.Object java.lang.invoke.DirectMethodHandle$Holder.invokeStatic(java.lang.Object, java.lang.Object, java.lang.Object, java.lang.Object, int, java.lang.Object)'> (0x00000000d67d8628) 
thrown [s\src\hotspot\share\interpreter\linkResolver.cpp, line 773]
Event: 15.127 Thread 0x0000025dd8cb75f0 Exception <a 'java/lang/NoSuchMethodError'{0x00000000d67f2808}: 'java.lang.Object java.lang.invoke.DirectMethodHandle$Holder.invokeStaticInit(java.lang.Object, java.lang.Object, java.lang.Object, java.lang.Object, java.lang.Object, java.lang.Object, java.lang.Object)'> (0x00000000d67f2808) 
thrown [s\src\hotspot\share\interpreter\linkResolver.cpp, line 773]
Event: 15.128 Thread 0x0000025dd8cb75f0 Exception <a 'java/lang/NoSuchMethodError'{0x00000000d67f7fa8}: 'java.lang.Object java.lang.invoke.Invokers$Holder.invoke_MT(java.lang.Object, java.lang.Object, java.lang.Object, java.lang.Object, java.lang.Object, java.lang.Object, java.lang.Object, java.lang.Object, java.lang.Object)'> (0x00000000d67f7fa8) 
thrown [s\src\hotspot\share\interpreter\linkResolver.cpp, line 773]
Event: 15.134 Thread 0x0000025dd8cb75f0 Exception <a 'java/lang/NoSuchMethodError'{0x00000000d682cea0}: 'int java.lang.invoke.DirectMethodHandle$Holder.invokeVirtual(java.lang.Object, java.lang.Object, java.lang.Object)'> (0x00000000d682cea0) 
thrown [s\src\hotspot\share\interpreter\linkResolver.cpp, line 773]
Event: 15.167 Thread 0x0000025dd8cb75f0 Exception <a 'java/lang/NoSuchMethodError'{0x00000000d6831e38}: 'int java.lang.invoke.DirectMethodHandle$Holder.invokeStaticInit(java.lang.Object, int, int)'> (0x00000000d6831e38) 
thrown [s\src\hotspot\share\interpreter\linkResolver.cpp, line 773]
Event: 15.169 Thread 0x0000025dd8cb75f0 Exception <a 'java/lang/NoSuchMethodError'{0x00000000d683a1c0}: 'int java.lang.invoke.DirectMethodHandle$Holder.invokeStaticInit(java.lang.Object, long, long)'> (0x00000000d683a1c0) 
thrown [s\src\hotspot\share\interpreter\linkResolver.cpp, line 773]
Event: 15.170 Thread 0x0000025dd8cb75f0 Exception <a 'java/lang/NoSuchMethodError'{0x00000000d6841de8}: 'int java.lang.invoke.DirectMethodHandle$Holder.invokeStaticInit(java.lang.Object, float, float)'> (0x00000000d6841de8) 
thrown [s\src\hotspot\share\interpreter\linkResolver.cpp, line 773]
Event: 15.171 Thread 0x0000025dd8cb75f0 Exception <a 'java/lang/NoSuchMethodError'{0x00000000d6849798}: 'int java.lang.invoke.DirectMethodHandle$Holder.invokeStaticInit(java.lang.Object, double, double)'> (0x00000000d6849798) 
thrown [s\src\hotspot\share\interpreter\linkResolver.cpp, line 773]
Event: 15.172 Thread 0x0000025dd8cb75f0 Exception <a 'java/lang/NoSuchMethodError'{0x00000000d684ebb0}: 'int java.lang.invoke.DirectMethodHandle$Holder.invokeStatic(java.lang.Object, long)'> (0x00000000d684ebb0) 
thrown [s\src\hotspot\share\interpreter\linkResolver.cpp, line 773]
Event: 15.178 Thread 0x0000025dd8cb75f0 Exception <a 'java/lang/NoSuchMethodError'{0x00000000d686d898}: 'int java.lang.invoke.Invokers$Holder.linkToTargetMethod(java.lang.Object, java.lang.Object)'> (0x00000000d686d898) 
thrown [s\src\hotspot\share\interpreter\linkResolver.cpp, line 773]

ZGC Phase Switch (0 events):
No events

VM Operations (20 events):
Event: 11.970 Executing safepoint VM operation: ParallelGCFailedAllocation (Allocation Failure)
Event: 11.982 Executing safepoint VM operation: ParallelGCFailedAllocation (Allocation Failure) done
Event: 12.971 Executing non-safepoint VM operation: HandshakeAllThreads (Deoptimize)
Event: 12.971 Executing non-safepoint VM operation: HandshakeAllThreads (Deoptimize) done
Event: 13.137 Executing non-safepoint VM operation: HandshakeAllThreads (Deoptimize)
Event: 13.137 Executing non-safepoint VM operation: HandshakeAllThreads (Deoptimize) done
Event: 13.137 Executing safepoint VM operation: Cleanup
Event: 13.137 Executing safepoint VM operation: Cleanup done
Event: 13.731 Executing non-safepoint VM operation: HandshakeAllThreads (Deoptimize)
Event: 13.756 Executing non-safepoint VM operation: HandshakeAllThreads (Deoptimize) done
Event: 13.858 Executing non-safepoint VM operation: HandshakeAllThreads (Deoptimize)
Event: 13.858 Executing non-safepoint VM operation: HandshakeAllThreads (Deoptimize) done
Event: 13.889 Executing non-safepoint VM operation: HandshakeAllThreads (Deoptimize)
Event: 13.889 Executing non-safepoint VM operation: HandshakeAllThreads (Deoptimize) done
Event: 14.131 Executing safepoint VM operation: ICBufferFull
Event: 14.131 Executing safepoint VM operation: ICBufferFull done
Event: 14.140 Executing safepoint VM operation: ParallelGCFailedAllocation (Allocation Failure)
Event: 14.151 Executing safepoint VM operation: ParallelGCFailedAllocation (Allocation Failure) done
Event: 15.113 Executing non-safepoint VM operation: HandshakeAllThreads (Deoptimize)
Event: 15.113 Executing non-safepoint VM operation: HandshakeAllThreads (Deoptimize) done

Memory protections (0 events):
No events

Nmethod flushes (0 events):
No events

Events (20 events):
Event: 1.943 Thread 0x0000025dfb7058f0 Thread added: 0x0000025dd837d9a0
Event: 1.950 Thread 0x0000025d962e6810 Thread added: 0x0000025dd8539e00
Event: 3.875 Thread 0x0000025dd8539e00 Thread exited: 0x0000025dd8539e00
Event: 4.230 Thread 0x0000025d962e6810 Thread added: 0x0000025dd87b8740
Event: 5.192 Thread 0x0000025dd87b8740 Thread exited: 0x0000025dd87b8740
Event: 5.267 Thread 0x0000025dfb7058f0 Thread added: 0x0000025ddd080e50
Event: 6.014 Thread 0x0000025dfb7058f0 Thread added: 0x0000025dd88d5300
Event: 6.111 Thread 0x0000025dd88d5300 Thread added: 0x0000025dd8cb6f80
Event: 6.124 Thread 0x0000025dfb7058f0 Thread added: 0x0000025dd8cb75f0
Event: 6.523 Thread 0x0000025d962e6810 Thread added: 0x0000025dd8c41910
Event: 7.204 Thread 0x0000025dd8cb75f0 Thread added: 0x0000025ddd3361d0
Event: 7.693 Thread 0x0000025dd8c41910 Thread exited: 0x0000025dd8c41910
Event: 9.893 Thread 0x0000025dd8cb75f0 Thread added: 0x0000025ddd606890
Event: 10.105 Thread 0x0000025d962e6810 Thread added: 0x0000025dd81f9b10
Event: 10.768 Thread 0x0000025dd8cb75f0 Thread added: 0x0000025dd8354320
Event: 10.771 Thread 0x0000025dd81f9b10 Thread exited: 0x0000025dd81f9b10
Event: 13.187 Thread 0x0000025dd8cb75f0 Thread added: 0x0000025ddd43bd70
Event: 13.306 Thread 0x0000025dd8cb75f0 Thread added: 0x0000025ddd43ca90
Event: 13.448 Thread 0x0000025dd8cb75f0 Thread added: 0x0000025ddd43b6e0
Event: 13.692 Thread 0x0000025ddd43b6e0 Thread added: 0x0000025ddd43d120


Dynamic libraries:
0x00007ff71ce10000 - 0x00007ff71ce1e000 	c:\Users\musac\.vscode\extensions\redhat.java-1.54.0-win32-x64\jre\21.0.10-win32-x86_64\bin\java.exe
0x00007ffb93f90000 - 0x00007ffb94188000 	C:\WINDOWS\SYSTEM32\ntdll.dll
0x00007ffb91fb0000 - 0x00007ffb92072000 	C:\WINDOWS\System32\KERNEL32.DLL
0x00007ffb91c00000 - 0x00007ffb91ef6000 	C:\WINDOWS\System32\KERNELBASE.dll
0x00007ffb918c0000 - 0x00007ffb919c0000 	C:\WINDOWS\System32\ucrtbase.dll
0x00007ffb76f70000 - 0x00007ffb76f88000 	c:\Users\musac\.vscode\extensions\redhat.java-1.54.0-win32-x64\jre\21.0.10-win32-x86_64\bin\jli.dll
0x00007ffb92bd0000 - 0x00007ffb92d71000 	C:\WINDOWS\System32\USER32.dll
0x00007ffb91a10000 - 0x00007ffb91a32000 	C:\WINDOWS\System32\win32u.dll
0x00007ffb932b0000 - 0x00007ffb932db000 	C:\WINDOWS\System32\GDI32.dll
0x00007ffb91a40000 - 0x00007ffb91b59000 	C:\WINDOWS\System32\gdi32full.dll
0x00007ffb91b60000 - 0x00007ffb91bfd000 	C:\WINDOWS\System32\msvcp_win.dll
0x00007ffb76cf0000 - 0x00007ffb76d0e000 	c:\Users\musac\.vscode\extensions\redhat.java-1.54.0-win32-x64\jre\21.0.10-win32-x86_64\bin\VCRUNTIME140.dll
0x00007ffb82e80000 - 0x00007ffb8311b000 	C:\WINDOWS\WinSxS\amd64_microsoft.windows.common-controls_6595b64144ccf1df_6.0.19041.6456_none_60b8a6cb71f64256\COMCTL32.dll
0x00007ffb93960000 - 0x00007ffb939fe000 	C:\WINDOWS\System32\msvcrt.dll
0x00007ffb93080000 - 0x00007ffb930af000 	C:\WINDOWS\System32\IMM32.DLL
0x00007ffb8a390000 - 0x00007ffb8a39c000 	c:\Users\musac\.vscode\extensions\redhat.java-1.54.0-win32-x64\jre\21.0.10-win32-x86_64\bin\vcruntime140_1.dll
0x00007ffb49a10000 - 0x00007ffb49a9d000 	c:\Users\musac\.vscode\extensions\redhat.java-1.54.0-win32-x64\jre\21.0.10-win32-x86_64\bin\msvcp140.dll
0x00007ffb29480000 - 0x00007ffb2a221000 	c:\Users\musac\.vscode\extensions\redhat.java-1.54.0-win32-x64\jre\21.0.10-win32-x86_64\bin\server\jvm.dll
0x00007ffb92fc0000 - 0x00007ffb93071000 	C:\WINDOWS\System32\ADVAPI32.dll
0x00007ffb93eb0000 - 0x00007ffb93f4f000 	C:\WINDOWS\System32\sechost.dll
0x00007ffb92ea0000 - 0x00007ffb92fc0000 	C:\WINDOWS\System32\RPCRT4.dll
0x00007ffb91f80000 - 0x00007ffb91fa7000 	C:\WINDOWS\System32\bcrypt.dll
0x00007ffb93160000 - 0x00007ffb931cb000 	C:\WINDOWS\System32\WS2_32.dll
0x00007ffb90b60000 - 0x00007ffb90bab000 	C:\WINDOWS\SYSTEM32\POWRPROF.dll
0x00007ffb881b0000 - 0x00007ffb881d7000 	C:\WINDOWS\SYSTEM32\WINMM.dll
0x00007ffb88a40000 - 0x00007ffb88a4a000 	C:\WINDOWS\SYSTEM32\VERSION.dll
0x00007ffb90a20000 - 0x00007ffb90a32000 	C:\WINDOWS\SYSTEM32\UMPDC.dll
0x00007ffb8fe80000 - 0x00007ffb8fe92000 	C:\WINDOWS\SYSTEM32\kernel.appcore.dll
0x00007ffb77340000 - 0x00007ffb7734a000 	c:\Users\musac\.vscode\extensions\redhat.java-1.54.0-win32-x64\jre\21.0.10-win32-x86_64\bin\jimage.dll
0x00007ffb8faf0000 - 0x00007ffb8fcf1000 	C:\WINDOWS\SYSTEM32\DBGHELP.DLL
0x00007ffb76490000 - 0x00007ffb764c4000 	C:\WINDOWS\SYSTEM32\dbgcore.DLL
0x00007ffb91620000 - 0x00007ffb916a2000 	C:\WINDOWS\System32\bcryptPrimitives.dll
0x00007ffb77060000 - 0x00007ffb7706f000 	c:\Users\musac\.vscode\extensions\redhat.java-1.54.0-win32-x64\jre\21.0.10-win32-x86_64\bin\instrument.dll
0x00007ffb76cd0000 - 0x00007ffb76cf0000 	c:\Users\musac\.vscode\extensions\redhat.java-1.54.0-win32-x64\jre\21.0.10-win32-x86_64\bin\java.dll
0x00007ffb92080000 - 0x00007ffb927f0000 	C:\WINDOWS\System32\SHELL32.dll
0x00007ffb8f270000 - 0x00007ffb8fa15000 	C:\WINDOWS\SYSTEM32\windows.storage.dll
0x00007ffb92870000 - 0x00007ffb92bc4000 	C:\WINDOWS\System32\combase.dll
0x00007ffb91050000 - 0x00007ffb9107b000 	C:\WINDOWS\SYSTEM32\Wldp.dll
0x00007ffb93cc0000 - 0x00007ffb93d8d000 	C:\WINDOWS\System32\OLEAUT32.dll
0x00007ffb930b0000 - 0x00007ffb9315d000 	C:\WINDOWS\System32\SHCORE.dll
0x00007ffb93ac0000 - 0x00007ffb93b1b000 	C:\WINDOWS\System32\shlwapi.dll
0x00007ffb91550000 - 0x00007ffb91574000 	C:\WINDOWS\SYSTEM32\profapi.dll
0x00007ffb761d0000 - 0x00007ffb761e8000 	c:\Users\musac\.vscode\extensions\redhat.java-1.54.0-win32-x64\jre\21.0.10-win32-x86_64\bin\zip.dll
0x00007ffb76110000 - 0x00007ffb76120000 	C:\Users\musac\.vscode\extensions\redhat.java-1.54.0-win32-x64\jre\21.0.10-win32-x86_64\bin\net.dll
0x00007ffb88b00000 - 0x00007ffb88c0a000 	C:\WINDOWS\SYSTEM32\WINHTTP.dll
0x00007ffb90db0000 - 0x00007ffb90e1a000 	C:\WINDOWS\system32\mswsock.dll
0x00007ffb760f0000 - 0x00007ffb76106000 	C:\Users\musac\.vscode\extensions\redhat.java-1.54.0-win32-x64\jre\21.0.10-win32-x86_64\bin\nio.dll
0x00007ffb76020000 - 0x00007ffb76030000 	c:\Users\musac\.vscode\extensions\redhat.java-1.54.0-win32-x64\jre\21.0.10-win32-x86_64\bin\verify.dll
0x00007ffb6a4a0000 - 0x00007ffb6a4e5000 	C:\Users\musac\AppData\Roaming\Code\User\globalStorage\redhat.java\1.54.0\config_win\org.eclipse.equinox.launcher\org.eclipse.equinox.launcher.win32.win32.x86_64_1.3.0.v20260203-2149\eclipse_11919.dll
0x00007ffb93b20000 - 0x00007ffb93c4b000 	C:\WINDOWS\System32\ole32.dll
0x00007ffb90fa0000 - 0x00007ffb90fb8000 	C:\WINDOWS\SYSTEM32\CRYPTSP.dll
0x00007ffb90660000 - 0x00007ffb90698000 	C:\WINDOWS\system32\rsaenh.dll
0x00007ffb91510000 - 0x00007ffb9153e000 	C:\WINDOWS\SYSTEM32\USERENV.dll
0x00007ffb90fc0000 - 0x00007ffb90fcc000 	C:\WINDOWS\SYSTEM32\CRYPTBASE.dll
0x00007ffb90a40000 - 0x00007ffb90a7b000 	C:\WINDOWS\SYSTEM32\IPHLPAPI.DLL
0x00007ffb93e20000 - 0x00007ffb93e28000 	C:\WINDOWS\System32\NSI.dll
0x00007ffb61450000 - 0x00007ffb61499000 	C:\Users\musac\AppData\Local\Temp\jna-104262957\jna10938249324758400351.dll
0x00007ffb93cb0000 - 0x00007ffb93cb8000 	C:\WINDOWS\System32\PSAPI.DLL

JVMTI agents:
c:\Users\musac\.vscode\extensions\redhat.java-1.54.0-win32-x64\lombok\lombok-1.18.39-4050.jar path:c:\Users\musac\.vscode\extensions\redhat.java-1.54.0-win32-x64\jre\21.0.10-win32-x86_64\bin\instrument.dll, loaded, initialized, instrumentlib options:none

dbghelp: loaded successfully - version: 4.0.5 - missing functions: none
symbol engine: initialized successfully - sym options: 0x614 - pdb path: .;c:\Users\musac\.vscode\extensions\redhat.java-1.54.0-win32-x64\jre\21.0.10-win32-x86_64\bin;C:\WINDOWS\SYSTEM32;C:\WINDOWS\WinSxS\amd64_microsoft.windows.common-controls_6595b64144ccf1df_6.0.19041.6456_none_60b8a6cb71f64256;c:\Users\musac\.vscode\extensions\redhat.java-1.54.0-win32-x64\jre\21.0.10-win32-x86_64\bin\server;C:\Users\musac\AppData\Roaming\Code\User\globalStorage\redhat.java\1.54.0\config_win\org.eclipse.equinox.launcher\org.eclipse.equinox.launcher.win32.win32.x86_64_1.3.0.v20260203-2149;C:\Users\musac\AppData\Local\Temp\jna-104262957

VM Arguments:
jvm_args: --add-modules=ALL-SYSTEM --add-opens=java.base/java.util=ALL-UNNAMED --add-opens=java.base/java.lang=ALL-UNNAMED --add-opens=java.base/sun.nio.fs=ALL-UNNAMED -Declipse.application=org.eclipse.jdt.ls.core.id1 -Dosgi.bundles.defaultStartLevel=4 -Declipse.product=org.eclipse.jdt.ls.core.product -Djava.import.generatesMetadataFilesAtProjectRoot=false -DDetectVMInstallationsJob.disabled=true -Dfile.encoding=utf8 -XX:+UseParallelGC -XX:GCTimeRatio=4 -XX:AdaptiveSizePolicyWeight=90 -Dsun.zip.disableMemoryMapping=true -Xmx2G -Xms100m -Xlog:disable -javaagent:c:\Users\musac\.vscode\extensions\redhat.java-1.54.0-win32-x64\lombok\lombok-1.18.39-4050.jar -XX:+HeapDumpOnOutOfMemoryError -XX:HeapDumpPath=c:\Users\musac\AppData\Roaming\Code\User\workspaceStorage\a458b03a984d5e046ced88f50078d488\redhat.java -Daether.dependencyCollector.impl=bf 
java_command: c:\Users\musac\.vscode\extensions\redhat.java-1.54.0-win32-x64\server\plugins\org.eclipse.equinox.launcher_1.7.100.v20251111-0406.jar -configuration c:\Users\musac\AppData\Roaming\Code\User\globalStorage\redhat.java\1.54.0\config_win -data c:\Users\musac\AppData\Roaming\Code\User\workspaceStorage\a458b03a984d5e046ced88f50078d488\redhat.java\jdt_ws --pipe=\\.\pipe\lsp-ca5e3e2873dc8609a39a672953ca22ab-sock
java_class_path (initial): c:\Users\musac\.vscode\extensions\redhat.java-1.54.0-win32-x64\server\plugins\org.eclipse.equinox.launcher_1.7.100.v20251111-0406.jar
Launcher Type: SUN_STANDARD

[Global flags]
    uintx AdaptiveSizePolicyWeight                 = 90                                        {product} {command line}
     intx CICompilerCount                          = 3                                         {product} {ergonomic}
    uintx GCTimeRatio                              = 4                                         {product} {command line}
     bool HeapDumpOnOutOfMemoryError               = true                                   {manageable} {command line}
    ccstr HeapDumpPath                             = c:\Users\musac\AppData\Roaming\Code\User\workspaceStorage\a458b03a984d5e046ced88f50078d488\redhat.java         {manageable} {command line}
   size_t InitialHeapSize                          = 104857600                                 {product} {command line}
   size_t MaxHeapSize                              = 2147483648                                {product} {command line}
   size_t MaxNewSize                               = 715653120                                 {product} {ergonomic}
   size_t MinHeapDeltaBytes                        = 524288                                    {product} {ergonomic}
   size_t MinHeapSize                              = 104857600                                 {product} {command line}
   size_t NewSize                                  = 34603008                                  {product} {ergonomic}
    uintx NonNMethodCodeHeapSize                   = 5832780                                {pd product} {ergonomic}
    uintx NonProfiledCodeHeapSize                  = 122912730                              {pd product} {ergonomic}
   size_t OldSize                                  = 70254592                                  {product} {ergonomic}
    uintx ProfiledCodeHeapSize                     = 122912730                              {pd product} {ergonomic}
    uintx ReservedCodeCacheSize                    = 251658240                              {pd product} {ergonomic}
     bool SegmentedCodeCache                       = true                                      {product} {ergonomic}
   size_t SoftMaxHeapSize                          = 2147483648                             {manageable} {ergonomic}
     bool UseCompressedOops                        = true                           {product lp64_product} {ergonomic}
     bool UseLargePagesIndividualAllocation        = false                                  {pd product} {ergonomic}
     bool UseParallelGC                            = true                                      {product} {command line}

Logging:
Log output configuration:
 #0: stdout all=off uptime,level,tags foldmultilines=false
 #1: stderr all=off uptime,level,tags foldmultilines=false

Release file:
JAVA_VERSION="21.0.10" 
MODULES="java.base java.compiler java.datatransfer java.xml java.prefs java.desktop java.instrument java.logging java.management java.security.sasl java.naming java.rmi java.management.rmi java.net.http java.scripting java.security.jgss java.transaction.xa java.sql java.sql.rowset java.xml.crypto java.se java.smartcardio jdk.accessibility jdk.internal.jvmstat jdk.attach jdk.charsets jdk.internal.opt jdk.zipfs jdk.compiler jdk.crypto.ec jdk.crypto.cryptoki jdk.crypto.mscapi jdk.dynalink jdk.internal.ed jdk.editpad jdk.hotspot.agent jdk.httpserver jdk.internal.le jdk.internal.vm.ci jdk.internal.vm.compiler jdk.internal.vm.compiler.management jdk.jartool jdk.javadoc jdk.jcmd jdk.management jdk.management.agent jdk.jconsole jdk.jdeps jdk.jdwp.agent jdk.jdi jdk.jfr jdk.jshell jdk.jsobject jdk.jstatd jdk.localedata jdk.management.jfr jdk.naming.dns jdk.naming.rmi jdk.net jdk.nio.mapmode jdk.random jdk.sctp jdk.security.auth jdk.security.jgss jdk.unsupported jdk.unsupported.desktop jdk.xml.dom" 

Environment Variables:
JAVA_HOME=C:\Program Files\Java\jdk-26.0.1
PATH=D:\Program\Oracle\app\oracle\product\11.2.0\server\bin;D:\Program\Oracle\dbhomeXE\bin;C:\WINDOWS\system32;C:\WINDOWS;C:\WINDOWS\System32\Wbem;C:\WINDOWS\System32\WindowsPowerShell\v1.0\;C:\WINDOWS\System32\OpenSSH\;C:\Program Files\dotnet\;C:\Program Files\Neovim\bin;C:\Program Files\nodejs\;D:\Program\Git\cmd;C:\Program Files\Java\jdk-26.0.1\bin;C:\Users\musac\AppData\Local\Microsoft\WindowsApps;C:\Users\musac\.dotnet\tools;C:\Users\musac\AppData\Local\GitHubDesktop\bin;C:\Users\musac\AppData\Roaming\npm;C:\Users\musac\AppData\Local\Programs\Microsoft VS Code\bin;C:\Program Files\Java\jdk-26.0.1\bin\java.exe;
USERNAME=musac
OS=Windows_NT
PROCESSOR_IDENTIFIER=Intel64 Family 6 Model 61 Stepping 4, GenuineIntel
TMP=C:\Users\musac\AppData\Local\Temp
TEMP=C:\Users\musac\AppData\Local\Temp




Periodic native trim disabled

---------------  S Y S T E M  ---------------

OS:
 Windows 10 , 64 bit Build 19041 (10.0.19041.5915)
OS uptime: 0 days 3:01 hours

CPU: total 4 (initial active 4) (2 cores per cpu, 2 threads per core) family 6 model 61 stepping 4 microcode 0x2d, cx8, cmov, fxsr, ht, mmx, 3dnowpref, sse, sse2, sse3, ssse3, sse4.1, sse4.2, popcnt, lzcnt, tsc, tscinvbit, avx, avx2, aes, erms, clmul, bmi1, bmi2, adx, fma, vzeroupper, clflush, rdtscp, f16c
Processor Information for the first 4 processors :
  Max Mhz: 2197, Current Mhz: 599, Mhz Limit: 593

Memory: 4k page, system-wide physical 12187M (1623M free)
TotalPageFile size 12187M (AvailPageFile size 5M)
current process WorkingSet (physical memory assigned to process): 141M, peak: 141M
current process commit charge ("private bytes"): 266M, peak: 266M

vm_info: OpenJDK 64-Bit Server VM (21.0.10+7-LTS) for windows-amd64 JRE (21.0.10+7-LTS), built on 2026-01-20T00:00:00Z by "admin" with MS VC++ 17.12 (VS2022)

END.
